0 silly input [ 'full-test' ]
1 silly flags { _: [ 'run' ],
1 silly flags   'reject-cycles': false,
1 silly flags   rejectCycles: false,
1 silly flags   script: 'full-test',
1 silly flags   args: [] }
2 verbose rootPath /home/stephen/workspace/speed-measure-webpack-plugin
3 info version 2.9.0
4 silly existsSync /home/stephen/workspace/speed-measure-webpack-plugin/VERSION
5 silly initialize attempt
6 silly initialize success
7 silly execute attempt
8 silly runScriptInDir full-test [] v1-plain
9 silly getExecOpts { cwd:
9 silly getExecOpts    '/home/stephen/workspace/speed-measure-webpack-plugin/__tests__/setups/v1-plain' }
10 silly runScriptInDir full-test [] v2-plain
11 silly getExecOpts { cwd:
11 silly getExecOpts    '/home/stephen/workspace/speed-measure-webpack-plugin/__tests__/setups/v2-plain' }
12 silly runScriptInDir full-test [] v3-circular-plugin
13 silly getExecOpts { cwd:
13 silly getExecOpts    '/home/stephen/workspace/speed-measure-webpack-plugin/__tests__/setups/v3-circular-plugin' }
14 silly runScriptInDir full-test [] v3-hard-source-webpack-plugin
15 silly getExecOpts { cwd:
15 silly getExecOpts    '/home/stephen/workspace/speed-measure-webpack-plugin/__tests__/setups/v3-hard-source-webpack-plugin' }
16 error full-test Errored while running script in 'v1-plain'
17 error execute callback with error
18 error Error: Command failed: npm run full-test
18 error sh: 1: prepare: not found
18 error npm ERR! file sh
18 error npm ERR! code ELIFECYCLE
18 error npm ERR! errno ENOENT
18 error npm ERR! syscall spawn
18 error npm ERR! v1-plain@0.0.1 full-test: `prepare && test && cleanup`
18 error npm ERR! spawn ENOENT
18 error npm ERR!
18 error npm ERR! Failed at the v1-plain@0.0.1 full-test script.
18 error npm ERR! This is probably not a problem with npm. There is likely additional logging output above.
18 error
18 error npm ERR! A complete log of this run can be found in:
18 error npm ERR!     /home/stephen/.npm/_logs/2018-12-26T16_44_31_476Z-debug.log
18 error
18 error > v1-plain@0.0.1 full-test /home/stephen/workspace/speed-measure-webpack-plugin/__tests__/setups/v1-plain
18 error > prepare && test && cleanup
18 error
18 error
18 error     at Promise.all.then.arr (/home/stephen/workspace/speed-measure-webpack-plugin/node_modules/lerna/node_modules/execa/index.js:236:11)
